<?xml version="1.0" encoding="UTF-8"?>
<testsuite xmlns:xsi="http://www.w3.org/2001/XMLSchema-instance" xsi:noNamespaceSchemaLocation="https://maven.apache.org/surefire/maven-surefire-plugin/xsd/surefire-test-report-3.0.xsd" version="3.0" name="com.ttpc.ges.utils.TTPCDateParserTest" time="0.01" tests="9" errors="0" skipped="0" failures="0">
  <properties>
[...]
</properties>
  <testcase name="testStringToSqlDate_ddMMyyyy" classname="com.ttpc.ges.utils.TTPCDateParserTest" time="0.002"/>
  <testcase name="testSqlDateToString_withNull" classname="com.ttpc.ges.utils.TTPCDateParserTest" time="0.001"/>
  <testcase name="testSqlDateToString_withValidDate" classname="com.ttpc.ges.utils.TTPCDateParserTest" time="0.001"/>
  <testcase name="testStringToSqlDate_yyyyMMdd" classname="com.ttpc.ges.utils.TTPCDateParserTest" time="0.0"/>
  <testcase name="testStringToSqlDate_invalidInput" classname="com.ttpc.ges.utils.TTPCDateParserTest" time="0.001"/>
  <testcase name="testStringToSqlDate_emptyInput" classname="com.ttpc.ges.utils.TTPCDateParserTest" time="0.001"/>
  <testcase name="testStringToSqlDate_nullInput" classname="com.ttpc.ges.utils.TTPCDateParserTest" time="0.0"/>
  <testcase name="testSqlDateToDisplay_withNull" classname="com.ttpc.ges.utils.TTPCDateParserTest" time="0.002"/>
  <testcase name="testSqlDateToDisplay_withValidDate" classname="com.ttpc.ges.utils.TTPCDateParserTest" time="0.001"/>
</testsuite>